<?xml version="1.0" encoding="UTF-8"?>
<!-- Generated by org.testng.reporters.JUnitXMLReporter -->
<testsuite hostname="LAPTOP-RRO4KGR3" ignored="0" name="Surefire test" tests="3" failures="0" timestamp="09 Aug 2020 17:06:40 GMT" time="0.042" errors="0">
  <testcase name="testing" time="0.001" classname="com.selenium.maventesting.AppTest"/>
  <testcase name="testing2" time="0.001" classname="com.selenium.maventesting.AppTest">
    <skipped/>
  </testcase> <!-- testing2 -->
  <testcase name="doRegister" time="0.003" classname="com.selenium.maventesting.RegTest"/>
</testsuite> <!-- Surefire test -->
